<?xml version="1.0" encoding="UTF-8"?>
<testng-results ignored="0" total="1" passed="1" failed="0" skipped="0">
  <reporter-output>
    <line>
      <![CDATA[onStart]]>
    </line>
    <line>
      <![CDATA[createOrganization]]>
    </line>
    <line>
      <![CDATA[onTestSuccess]]>
    </line>
  </reporter-output>
  <suite started-at="2024-08-09T10:56:25 IST" name="Suite" finished-at="2024-08-09T10:56:51 IST" duration-ms="25775">
    <groups>
    </groups>
    <test started-at="2024-08-09T10:56:25 IST" name="Test" finished-at="2024-08-09T10:56:51 IST" duration-ms="25775">
      <class name="Vtiger.Task6">
        <test-method is-config="true" signature="preCondition()[pri:0, instance:Vtiger.Task6@71d44a3]" started-at="2024-08-09T10:56:26 IST" name="preCondition" finished-at="2024-08-09T10:56:30 IST" duration-ms="4086" status="PASS">
          <reporter-output>
          </reporter-output>
        </test-method> <!-- preCondition -->
        <test-method is-config="true" signature="login()[pri:0, instance:Vtiger.Task6@71d44a3]" started-at="2024-08-09T10:56:30 IST" name="login" finished-at="2024-08-09T10:56:34 IST" duration-ms="4118" status="PASS">
          <reporter-output>
          </reporter-output>
        </test-method> <!-- login -->
        <test-method signature="createOrganization()[pri:0, instance:Vtiger.Task6@71d44a3]" started-at="2024-08-09T10:56:34 IST" name="createOrganization" finished-at="2024-08-09T10:56:49 IST" duration-ms="14722" status="PASS">
          <reporter-output>
            <line>
              <![CDATA[createOrganization]]>
            </line>
            <line>
              <![CDATA[onTestSuccess]]>
            </line>
          </reporter-output>
        </test-method> <!-- createOrganization -->
        <test-method is-config="true" signature="logout()[pri:0, instance:Vtiger.Task6@71d44a3]" started-at="2024-08-09T10:56:49 IST" name="logout" finished-at="2024-08-09T10:56:51 IST" duration-ms="1950" status="PASS">
          <reporter-output>
          </reporter-output>
        </test-method> <!-- logout -->
        <test-method is-config="true" signature="postCondition()[pri:0, instance:Vtiger.Task6@71d44a3]" started-at="2024-08-09T10:56:51 IST" name="postCondition" finished-at="2024-08-09T10:56:51 IST" duration-ms="479" status="PASS">
          <reporter-output>
          </reporter-output>
        </test-method> <!-- postCondition -->
      </class> <!-- Vtiger.Task6 -->
    </test> <!-- Test -->
  </suite> <!-- Suite -->
</testng-results>
